# JRE version: Java(TM) SE Runtime Environment (7.0_67-b01) (build 1.7.0_67-b01)
# Java VM: Java HotSpot(TM) 64-Bit Server VM (24.65-b04 mixed mode bsd-amd64 compressed oops)
Heap
 PSYoungGen      total 181248K, used 18498K [0x00000007eaa80000, 0x00000007f7600000, 0x0000000800000000)
  eden space 180736K, 10% used [0x00000007eaa80000,0x00000007ebc78a00,0x00000007f5b00000)
  from space 512K, 18% used [0x00000007f7580000,0x00000007f7598000,0x00000007f7600000)
  to   space 10240K, 0% used [0x00000007f6200000,0x00000007f6200000,0x00000007f6c00000)
 ParOldGen       total 109568K, used 93219K [0x00000007c0000000, 0x00000007c6b00000, 0x00000007eaa80000)
  object space 109568K, 85% used [0x00000007c0000000,0x00000007c5b08e88,0x00000007c6b00000)
 PSPermGen       total 21504K, used 10509K [0x00000007bae00000, 0x00000007bc300000, 0x00000007c0000000)
  object space 21504K, 48% used [0x00000007bae00000,0x00000007bb843590,0x00000007bc300000)
GC Heap History (10 events):
Event: 123.187 GC heap before
{Heap before GC invocations=10 (full 0):
 PSYoungGen      total 146944K, used 131659K [0x00000007eaa80000, 0x00000007f9500000, 0x0000000800000000)
  eden space 135168K, 97% used [0x00000007eaa80000,0x00000007f2afaf20,0x00000007f2e80000)
  from space 11776K, 0% used [0x00000007f2e80000,0x00000007f2e98000,0x00000007f3a00000)
  to   space 11776K, 0% used [0x00000007f8980000,0x00000007f8980000,0x00000007f9500000)
 ParOldGen       total 109568K, used 93139K [0x00000007c0000000, 0x00000007c6b00000, 0x00000007eaa80000)
  object space 109568K, 85% used [0x00000007c0000000,0x00000007c5af4e88,0x00000007c6b00000)
 PSPermGen       total 21504K, used 10503K [0x00000007bae00000, 0x00000007bc300000, 0x00000007c0000000)
  object space 21504K, 48% used [0x00000007bae00000,0x00000007bb841c28,0x00000007bc300000)
Event: 123.189 GC heap after
Heap after GC invocations=10 (full 0):
 PSYoungGen      total 228352K, used 96K [0x00000007eaa80000, 0x00000007f9500000, 0x0000000800000000)
  eden space 216576K, 0% used [0x00000007eaa80000,0x00000007eaa80000,0x00000007f7e00000)
  from space 11776K, 0% used [0x00000007f8980000,0x00000007f8998000,0x00000007f9500000)
  to   space 11776K, 0% used [0x00000007f7e00000,0x00000007f7e00000,0x00000007f8980000)
 ParOldGen       total 109568K, used 93155K [0x00000007c0000000, 0x00000007c6b00000, 0x00000007eaa80000)
  object space 109568K, 85% used [0x00000007c0000000,0x00000007c5af8e88,0x00000007c6b00000)
 PSPermGen       total 21504K, used 10503K [0x00000007bae00000, 0x00000007bc300000, 0x00000007c0000000)
  object space 21504K, 48% used [0x00000007bae00000,0x00000007bb841c28,0x00000007bc300000)
}
Event: 143.657 GC heap before
{Heap before GC invocations=11 (full 0):
 PSYoungGen      total 228352K, used 215772K [0x00000007eaa80000, 0x00000007f9500000, 0x0000000800000000)
  eden space 216576K, 99% used [0x00000007eaa80000,0x00000007f7d1f040,0x00000007f7e00000)
  from space 11776K, 0% used [0x00000007f8980000,0x00000007f8998000,0x00000007f9500000)
  to   space 11776K, 0% used [0x00000007f7e00000,0x00000007f7e00000,0x00000007f8980000)
 ParOldGen       total 109568K, used 93155K [0x00000007c0000000, 0x00000007c6b00000, 0x00000007eaa80000)
  object space 109568K, 85% used [0x00000007c0000000,0x00000007c5af8e88,0x00000007c6b00000)
 PSPermGen       total 21504K, used 10503K [0x00000007bae00000, 0x00000007bc300000, 0x00000007c0000000)
  object space 21504K, 48% used [0x00000007bae00000,0x00000007bb841e38,0x00000007bc300000)
Event: 143.660 GC heap after
Heap after GC invocations=11 (full 0):
 PSYoungGen      total 207360K, used 96K [0x00000007eaa80000, 0x00000007f8a80000, 0x0000000800000000)
  eden space 206848K, 0% used [0x00000007eaa80000,0x00000007eaa80000,0x00000007f7480000)
  from space 512K, 18% used [0x00000007f7e00000,0x00000007f7e18000,0x00000007f7e80000)
  to   space 11264K, 0% used [0x00000007f7f80000,0x00000007f7f80000,0x00000007f8a80000)
 ParOldGen       total 109568K, used 93171K [0x00000007c0000000, 0x00000007c6b00000, 0x00000007eaa80000)
  object space 109568K, 85% used [0x00000007c0000000,0x00000007c5afce88,0x00000007c6b00000)
 PSPermGen       total 21504K, used 10503K [0x00000007bae00000, 0x00000007bc300000, 0x00000007c0000000)
  object space 21504K, 48% used [0x00000007bae00000,0x00000007bb841e38,0x00000007bc300000)
}
Event: 165.315 GC heap before
{Heap before GC invocations=12 (full 0):
 PSYoungGen      total 207360K, used 205513K [0x00000007eaa80000, 0x00000007f8a80000, 0x0000000800000000)
  eden space 206848K, 99% used [0x00000007eaa80000,0x00000007f731a5f8,0x00000007f7480000)
  from space 512K, 18% used [0x00000007f7e00000,0x00000007f7e18000,0x00000007f7e80000)
  to   space 11264K, 0% used [0x00000007f7f80000,0x00000007f7f80000,0x00000007f8a80000)
 ParOldGen       total 109568K, used 93171K [0x00000007c0000000, 0x00000007c6b00000, 0x00000007eaa80000)
  object space 109568K, 85% used [0x00000007c0000000,0x00000007c5afce88,0x00000007c6b00000)
 PSPermGen       total 21504K, used 10503K [0x00000007bae00000, 0x00000007bc300000, 0x00000007c0000000)
  object space 21504K, 48% used [0x00000007bae00000,0x00000007bb841e38,0x00000007bc300000)
Event: 165.317 GC heap after
Heap after GC invocations=12 (full 0):
 PSYoungGen      total 198656K, used 96K [0x00000007eaa80000, 0x00000007f8080000, 0x0000000800000000)
  eden space 197632K, 0% used [0x00000007eaa80000,0x00000007eaa80000,0x00000007f6b80000)
  from space 1024K, 9% used [0x00000007f7f80000,0x00000007f7f98000,0x00000007f8080000)
  to   space 10752K, 0% used [0x00000007f6b80000,0x00000007f6b80000,0x00000007f7600000)
 ParOldGen       total 109568K, used 93187K [0x00000007c0000000, 0x00000007c6b00000, 0x00000007eaa80000)
  object space 109568K, 85% used [0x00000007c0000000,0x00000007c5b00e88,0x00000007c6b00000)
 PSPermGen       total 21504K, used 10503K [0x00000007bae00000, 0x00000007bc300000, 0x00000007c0000000)
  object space 21504K, 48% used [0x00000007bae00000,0x00000007bb841e38,0x00000007bc300000)
}
Event: 181.890 GC heap before
{Heap before GC invocations=13 (full 0):
 PSYoungGen      total 198656K, used 196926K [0x00000007eaa80000, 0x00000007f8080000, 0x0000000800000000)
  eden space 197632K, 99% used [0x00000007eaa80000,0x00000007f6ab7950,0x00000007f6b80000)
  from space 1024K, 9% used [0x00000007f7f80000,0x00000007f7f98000,0x00000007f8080000)
  to   space 10752K, 0% used [0x00000007f6b80000,0x00000007f6b80000,0x00000007f7600000)
 ParOldGen       total 109568K, used 93187K [0x00000007c0000000, 0x00000007c6b00000, 0x00000007eaa80000)
  object space 109568K, 85% used [0x00000007c0000000,0x00000007c5b00e88,0x00000007c6b00000)
 PSPermGen       total 21504K, used 10503K [0x00000007bae00000, 0x00000007bc300000, 0x00000007c0000000)
  object space 21504K, 48% used [0x00000007bae00000,0x00000007bb841e38,0x00000007bc300000)
Event: 181.891 GC heap after
Heap after GC invocations=13 (full 0):
 PSYoungGen      total 189440K, used 96K [0x00000007eaa80000, 0x00000007f8000000, 0x0000000800000000)
  eden space 188928K, 0% used [0x00000007eaa80000,0x00000007eaa80000,0x00000007f6300000)
  from space 512K, 18% used [0x00000007f6b80000,0x00000007f6b98000,0x00000007f6c00000)
  to   space 10752K, 0% used [0x00000007f7580000,0x00000007f7580000,0x00000007f8000000)
 ParOldGen       total 109568K, used 93203K [0x00000007c0000000, 0x00000007c6b00000, 0x00000007eaa80000)
  object space 109568K, 85% used [0x00000007c0000000,0x00000007c5b04e88,0x00000007c6b00000)
 PSPermGen       total 21504K, used 10503K [0x00000007bae00000, 0x00000007bc300000, 0x00000007c0000000)
  object space 21504K, 48% used [0x00000007bae00000,0x00000007bb841e38,0x00000007bc300000)
}
Event: 196.313 GC heap before
{Heap before GC invocations=14 (full 0):
 PSYoungGen      total 189440K, used 188426K [0x00000007eaa80000, 0x00000007f8000000, 0x0000000800000000)
  eden space 188928K, 99% used [0x00000007eaa80000,0x00000007f626ab38,0x00000007f6300000)
  from space 512K, 18% used [0x00000007f6b80000,0x00000007f6b98000,0x00000007f6c00000)
  to   space 10752K, 0% used [0x00000007f7580000,0x00000007f7580000,0x00000007f8000000)
 ParOldGen       total 109568K, used 93203K [0x00000007c0000000, 0x00000007c6b00000, 0x00000007eaa80000)
  object space 109568K, 85% used [0x00000007c0000000,0x00000007c5b04e88,0x00000007c6b00000)
 PSPermGen       total 21504K, used 10503K [0x00000007bae00000, 0x00000007bc300000, 0x00000007c0000000)
  object space 21504K, 48% used [0x00000007bae00000,0x00000007bb841e38,0x00000007bc300000)
Event: 196.315 GC heap after
Heap after GC invocations=14 (full 0):
 PSYoungGen      total 181248K, used 96K [0x00000007eaa80000, 0x00000007f7600000, 0x0000000800000000)
  eden space 180736K, 0% used [0x00000007eaa80000,0x00000007eaa80000,0x00000007f5b00000)
  from space 512K, 18% used [0x00000007f7580000,0x00000007f7598000,0x00000007f7600000)
  to   space 10240K, 0% used [0x00000007f6200000,0x00000007f6200000,0x00000007f6c00000)
 ParOldGen       total 109568K, used 93219K [0x00000007c0000000, 0x00000007c6b00000, 0x00000007eaa80000)
  object space 109568K, 85% used [0x00000007c0000000,0x00000007c5b08e88,0x00000007c6b00000)
 PSPermGen       total 21504K, used 10503K [0x00000007bae00000, 0x00000007bc300000, 0x00000007c0000000)
  object space 21504K, 48% used [0x00000007bae00000,0x00000007bb841e38,0x00000007bc300000)
}

