# JRE version: Java(TM) SE Runtime Environment (7.0_67-b01) (build 1.7.0_67-b01)
# Java VM: Java HotSpot(TM) 64-Bit Server VM (24.65-b04 mixed mode bsd-amd64 compressed oops)
Heap
 PSYoungGen      total 146944K, used 29683K [0x00000007eaa80000, 0x00000007f9500000, 0x0000000800000000)
  eden space 135168K, 21% used [0x00000007eaa80000,0x00000007ec764d68,0x00000007f2e80000)
  from space 11776K, 0% used [0x00000007f2e80000,0x00000007f2e98000,0x00000007f3a00000)
  to   space 11776K, 0% used [0x00000007f8980000,0x00000007f8980000,0x00000007f9500000)
 ParOldGen       total 109568K, used 89025K [0x00000007c0000000, 0x00000007c6b00000, 0x00000007eaa80000)
  object space 109568K, 81% used [0x00000007c0000000,0x00000007c56f0688,0x00000007c6b00000)
 PSPermGen       total 21504K, used 10509K [0x00000007bae00000, 0x00000007bc300000, 0x00000007c0000000)
  object space 21504K, 48% used [0x00000007bae00000,0x00000007bb843798,0x00000007bc300000)
GC Heap History (10 events):
Event: 5.373 GC heap before
{Heap before GC invocations=5 (full 0):
 PSYoungGen      total 36352K, used 34464K [0x00000007eaa80000, 0x00000007ed080000, 0x0000000800000000)
  eden space 33792K, 94% used [0x00000007eaa80000,0x00000007ec9b0238,0x00000007ecb80000)
  from space 2560K, 98% used [0x00000007ece00000,0x00000007ed078010,0x00000007ed080000)
  to   space 2560K, 0% used [0x00000007ecb80000,0x00000007ecb80000,0x00000007ece00000)
 ParOldGen       total 43520K, used 8861K [0x00000007c0000000, 0x00000007c2a80000, 0x00000007eaa80000)
  object space 43520K, 20% used [0x00000007c0000000,0x00000007c08a76c0,0x00000007c2a80000)
 PSPermGen       total 21504K, used 10422K [0x00000007bae00000, 0x00000007bc300000, 0x00000007c0000000)
  object space 21504K, 48% used [0x00000007bae00000,0x00000007bb82d830,0x00000007bc300000)
Event: 5.397 GC heap after
Heap after GC invocations=5 (full 0):
 PSYoungGen      total 36352K, used 2528K [0x00000007eaa80000, 0x00000007f0480000, 0x0000000800000000)
  eden space 33792K, 0% used [0x00000007eaa80000,0x00000007eaa80000,0x00000007ecb80000)
  from space 2560K, 98% used [0x00000007ecb80000,0x00000007ecdf8010,0x00000007ece00000)
  to   space 12288K, 0% used [0x00000007ef880000,0x00000007ef880000,0x00000007f0480000)
 ParOldGen       total 43520K, used 19404K [0x00000007c0000000, 0x00000007c2a80000, 0x00000007eaa80000)
  object space 43520K, 44% used [0x00000007c0000000,0x00000007c12f3358,0x00000007c2a80000)
 PSPermGen       total 21504K, used 10422K [0x00000007bae00000, 0x00000007bc300000, 0x00000007c0000000)
  object space 21504K, 48% used [0x00000007bae00000,0x00000007bb82d830,0x00000007bc300000)
}
Event: 10.552 GC heap before
{Heap before GC invocations=6 (full 0):
 PSYoungGen      total 36352K, used 34040K [0x00000007eaa80000, 0x00000007f0480000, 0x0000000800000000)
  eden space 33792K, 93% used [0x00000007eaa80000,0x00000007ec9463d8,0x00000007ecb80000)
  from space 2560K, 98% used [0x00000007ecb80000,0x00000007ecdf8010,0x00000007ece00000)
  to   space 12288K, 0% used [0x00000007ef880000,0x00000007ef880000,0x00000007f0480000)
 ParOldGen       total 109568K, used 84861K [0x00000007c0000000, 0x00000007c6b00000, 0x00000007eaa80000)
  object space 109568K, 77% used [0x00000007c0000000,0x00000007c52df538,0x00000007c6b00000)
 PSPermGen       total 21504K, used 10441K [0x00000007bae00000, 0x00000007bc300000, 0x00000007c0000000)
  object space 21504K, 48% used [0x00000007bae00000,0x00000007bb8327f8,0x00000007bc300000)
Event: 10.559 GC heap after
Heap after GC invocations=6 (full 0):
 PSYoungGen      total 79872K, used 2592K [0x00000007eaa80000, 0x00000007f0480000, 0x0000000800000000)
  eden space 67584K, 0% used [0x00000007eaa80000,0x00000007eaa80000,0x00000007eec80000)
  from space 12288K, 21% used [0x00000007ef880000,0x00000007efb08010,0x00000007f0480000)
  to   space 12288K, 0% used [0x00000007eec80000,0x00000007eec80000,0x00000007ef880000)
 ParOldGen       total 109568K, used 84861K [0x00000007c0000000, 0x00000007c6b00000, 0x00000007eaa80000)
  object space 109568K, 77% used [0x00000007c0000000,0x00000007c52df538,0x00000007c6b00000)
 PSPermGen       total 21504K, used 10441K [0x00000007bae00000, 0x00000007bc300000, 0x00000007c0000000)
  object space 21504K, 48% used [0x00000007bae00000,0x00000007bb8327f8,0x00000007bc300000)
}
Event: 17.028 GC heap before
{Heap before GC invocations=7 (full 0):
 PSYoungGen      total 79872K, used 68975K [0x00000007eaa80000, 0x00000007f0480000, 0x0000000800000000)
  eden space 67584K, 98% used [0x00000007eaa80000,0x00000007eeb53c18,0x00000007eec80000)
  from space 12288K, 21% used [0x00000007ef880000,0x00000007efb08010,0x00000007f0480000)
  to   space 12288K, 0% used [0x00000007eec80000,0x00000007eec80000,0x00000007ef880000)
 ParOldGen       total 109568K, used 84861K [0x00000007c0000000, 0x00000007c6b00000, 0x00000007eaa80000)
  object space 109568K, 77% used [0x00000007c0000000,0x00000007c52df538,0x00000007c6b00000)
 PSPermGen       total 21504K, used 10443K [0x00000007bae00000, 0x00000007bc300000, 0x00000007c0000000)
  object space 21504K, 48% used [0x00000007bae00000,0x00000007bb832f58,0x00000007bc300000)
Event: 17.035 GC heap after
Heap after GC invocations=7 (full 0):
 PSYoungGen      total 79872K, used 1824K [0x00000007eaa80000, 0x00000007f4580000, 0x0000000800000000)
  eden space 67584K, 0% used [0x00000007eaa80000,0x00000007eaa80000,0x00000007eec80000)
  from space 12288K, 14% used [0x00000007eec80000,0x00000007eee48010,0x00000007ef880000)
  to   space 11776K, 0% used [0x00000007f3a00000,0x00000007f3a00000,0x00000007f4580000)
 ParOldGen       total 109568K, used 85641K [0x00000007c0000000, 0x00000007c6b00000, 0x00000007eaa80000)
  object space 109568K, 78% used [0x00000007c0000000,0x00000007c53a2648,0x00000007c6b00000)
 PSPermGen       total 21504K, used 10443K [0x00000007bae00000, 0x00000007bc300000, 0x00000007c0000000)
  object space 21504K, 48% used [0x00000007bae00000,0x00000007bb832f58,0x00000007bc300000)
}
Event: 22.929 GC heap before
{Heap before GC invocations=8 (full 0):
 PSYoungGen      total 79872K, used 67916K [0x00000007eaa80000, 0x00000007f4580000, 0x0000000800000000)
  eden space 67584K, 97% used [0x00000007eaa80000,0x00000007eeb0b310,0x00000007eec80000)
  from space 12288K, 14% used [0x00000007eec80000,0x00000007eee48010,0x00000007ef880000)
  to   space 11776K, 0% used [0x00000007f3a00000,0x00000007f3a00000,0x00000007f4580000)
 ParOldGen       total 109568K, used 85641K [0x00000007c0000000, 0x00000007c6b00000, 0x00000007eaa80000)
  object space 109568K, 78% used [0x00000007c0000000,0x00000007c53a2648,0x00000007c6b00000)
 PSPermGen       total 21504K, used 10458K [0x00000007bae00000, 0x00000007bc300000, 0x00000007c0000000)
  object space 21504K, 48% used [0x00000007bae00000,0x00000007bb8368e0,0x00000007bc300000)
Event: 22.935 GC heap after
Heap after GC invocations=8 (full 0):
 PSYoungGen      total 146944K, used 224K [0x00000007eaa80000, 0x00000007f4580000, 0x0000000800000000)
  eden space 135168K, 0% used [0x00000007eaa80000,0x00000007eaa80000,0x00000007f2e80000)
  from space 11776K, 1% used [0x00000007f3a00000,0x00000007f3a38000,0x00000007f4580000)
  to   space 11776K, 0% used [0x00000007f2e80000,0x00000007f2e80000,0x00000007f3a00000)
 ParOldGen       total 109568K, used 88849K [0x00000007c0000000, 0x00000007c6b00000, 0x00000007eaa80000)
  object space 109568K, 81% used [0x00000007c0000000,0x00000007c56c4668,0x00000007c6b00000)
 PSPermGen       total 21504K, used 10458K [0x00000007bae00000, 0x00000007bc300000, 0x00000007c0000000)
  object space 21504K, 48% used [0x00000007bae00000,0x00000007bb8368e0,0x00000007bc300000)
}
Event: 48.872 GC heap before
{Heap before GC invocations=9 (full 0):
 PSYoungGen      total 146944K, used 135211K [0x00000007eaa80000, 0x00000007f4580000, 0x0000000800000000)
  eden space 135168K, 99% used [0x00000007eaa80000,0x00000007f2e52fb0,0x00000007f2e80000)
  from space 11776K, 1% used [0x00000007f3a00000,0x00000007f3a38000,0x00000007f4580000)
  to   space 11776K, 0% used [0x00000007f2e80000,0x00000007f2e80000,0x00000007f3a00000)
 ParOldGen       total 109568K, used 88849K [0x00000007c0000000, 0x00000007c6b00000, 0x00000007eaa80000)
  object space 109568K, 81% used [0x00000007c0000000,0x00000007c56c4668,0x00000007c6b00000)
 PSPermGen       total 21504K, used 10470K [0x00000007bae00000, 0x00000007bc300000, 0x00000007c0000000)
  object space 21504K, 48% used [0x00000007bae00000,0x00000007bb839910,0x00000007bc300000)
Event: 48.874 GC heap after
Heap after GC invocations=9 (full 0):
 PSYoungGen      total 146944K, used 96K [0x00000007eaa80000, 0x00000007f9500000, 0x0000000800000000)
  eden space 135168K, 0% used [0x00000007eaa80000,0x00000007eaa80000,0x00000007f2e80000)
  from space 11776K, 0% used [0x00000007f2e80000,0x00000007f2e98000,0x00000007f3a00000)
  to   space 11776K, 0% used [0x00000007f8980000,0x00000007f8980000,0x00000007f9500000)
 ParOldGen       total 109568K, used 89025K [0x00000007c0000000, 0x00000007c6b00000, 0x00000007eaa80000)
  object space 109568K, 81% used [0x00000007c0000000,0x00000007c56f0688,0x00000007c6b00000)
 PSPermGen       total 21504K, used 10470K [0x00000007bae00000, 0x00000007bc300000, 0x00000007c0000000)
  object space 21504K, 48% used [0x00000007bae00000,0x00000007bb839910,0x00000007bc300000)
}

