# JRE version: Java(TM) SE Runtime Environment (7.0_67-b01) (build 1.7.0_67-b01)
# Java VM: Java HotSpot(TM) 64-Bit Server VM (24.65-b04 mixed mode bsd-amd64 compressed oops)
Heap
 PSYoungGen      total 144896K, used 70874K [0x0000000137380000, 0x0000000140b80000, 0x000000014c900000)
  eden space 135168K, 52% used [0x0000000137380000,0x000000013b836e48,0x000000013f780000)
  from space 9728K, 5% used [0x0000000140200000,0x000000014027fc68,0x0000000140b80000)
  to   space 10240K, 0% used [0x000000013f780000,0x000000013f780000,0x0000000140180000)
 ParOldGen       total 109568K, used 91996K [0x000000010c900000, 0x0000000113400000, 0x0000000137380000)
  object space 109568K, 83% used [0x000000010c900000,0x00000001122d7190,0x0000000113400000)
 PSPermGen       total 21504K, used 10471K [0x0000000107700000, 0x0000000108c00000, 0x000000010c900000)
  object space 21504K, 48% used [0x0000000107700000,0x0000000108139ce0,0x0000000108c00000)
GC Heap History (10 events):
Event: 2.480 GC heap before
{Heap before GC invocations=4 (full 0):
 PSYoungGen      total 19456K, used 19024K [0x0000000137380000, 0x0000000139980000, 0x000000014c900000)
  eden space 16896K, 100% used [0x0000000137380000,0x0000000138400000,0x0000000138400000)
  from space 2560K, 83% used [0x0000000138400000,0x0000000138614020,0x0000000138680000)
  to   space 2560K, 0% used [0x0000000139700000,0x0000000139700000,0x0000000139980000)
 ParOldGen       total 43520K, used 10149K [0x000000010c900000, 0x000000010f380000, 0x0000000137380000)
  object space 43520K, 23% used [0x000000010c900000,0x000000010d2e9790,0x000000010f380000)
 PSPermGen       total 21504K, used 9845K [0x0000000107700000, 0x0000000108c00000, 0x000000010c900000)
  object space 21504K, 45% used [0x0000000107700000,0x000000010809d5e8,0x0000000108c00000)
Event: 2.494 GC heap after
Heap after GC invocations=4 (full 0):
 PSYoungGen      total 36352K, used 2160K [0x0000000137380000, 0x0000000139980000, 0x000000014c900000)
  eden space 33792K, 0% used [0x0000000137380000,0x0000000137380000,0x0000000139480000)
  from space 2560K, 84% used [0x0000000139700000,0x000000013991c020,0x0000000139980000)
  to   space 2560K, 0% used [0x0000000139480000,0x0000000139480000,0x0000000139700000)
 ParOldGen       total 43520K, used 14949K [0x000000010c900000, 0x000000010f380000, 0x0000000137380000)
  object space 43520K, 34% used [0x000000010c900000,0x000000010d7997c0,0x000000010f380000)
 PSPermGen       total 21504K, used 9845K [0x0000000107700000, 0x0000000108c00000, 0x000000010c900000)
  object space 21504K, 45% used [0x0000000107700000,0x000000010809d5e8,0x0000000108c00000)
}
Event: 4.596 GC heap before
{Heap before GC invocations=5 (full 0):
 PSYoungGen      total 36352K, used 34097K [0x0000000137380000, 0x0000000139980000, 0x000000014c900000)
  eden space 33792K, 94% used [0x0000000137380000,0x00000001392b0608,0x0000000139480000)
  from space 2560K, 84% used [0x0000000139700000,0x000000013991c020,0x0000000139980000)
  to   space 2560K, 0% used [0x0000000139480000,0x0000000139480000,0x0000000139700000)
 ParOldGen       total 43520K, used 14949K [0x000000010c900000, 0x000000010f380000, 0x0000000137380000)
  object space 43520K, 34% used [0x000000010c900000,0x000000010d7997c0,0x000000010f380000)
 PSPermGen       total 21504K, used 10421K [0x0000000107700000, 0x0000000108c00000, 0x000000010c900000)
  object space 21504K, 48% used [0x0000000107700000,0x000000010812d6c0,0x0000000108c00000)
Event: 4.622 GC heap after
Heap after GC invocations=5 (full 0):
 PSYoungGen      total 36352K, used 2542K [0x0000000137380000, 0x000000013ca80000, 0x000000014c900000)
  eden space 33792K, 0% used [0x0000000137380000,0x0000000137380000,0x0000000139480000)
  from space 2560K, 99% used [0x0000000139480000,0x00000001396fb8e8,0x0000000139700000)
  to   space 10752K, 0% used [0x000000013c000000,0x000000013c000000,0x000000013ca80000)
 ParOldGen       total 43520K, used 24567K [0x000000010c900000, 0x000000010f380000, 0x0000000137380000)
  object space 43520K, 56% used [0x000000010c900000,0x000000010e0fde10,0x000000010f380000)
 PSPermGen       total 21504K, used 10421K [0x0000000107700000, 0x0000000108c00000, 0x000000010c900000)
  object space 21504K, 48% used [0x0000000107700000,0x000000010812d6c0,0x0000000108c00000)
}
Event: 14.169 GC heap before
{Heap before GC invocations=6 (full 0):
 PSYoungGen      total 36352K, used 34055K [0x0000000137380000, 0x000000013ca80000, 0x000000014c900000)
  eden space 33792K, 93% used [0x0000000137380000,0x00000001392464a0,0x0000000139480000)
  from space 2560K, 99% used [0x0000000139480000,0x00000001396fb8e8,0x0000000139700000)
  to   space 10752K, 0% used [0x000000013c000000,0x000000013c000000,0x000000013ca80000)
 ParOldGen       total 109568K, used 90023K [0x000000010c900000, 0x0000000113400000, 0x0000000137380000)
  object space 109568K, 82% used [0x000000010c900000,0x00000001120e9ff0,0x0000000113400000)
 PSPermGen       total 21504K, used 10442K [0x0000000107700000, 0x0000000108c00000, 0x000000010c900000)
  object space 21504K, 48% used [0x0000000107700000,0x0000000108132ae8,0x0000000108c00000)
Event: 14.178 GC heap after
Heap after GC invocations=6 (full 0):
 PSYoungGen      total 78336K, used 2399K [0x0000000137380000, 0x000000013ca80000, 0x000000014c900000)
  eden space 67584K, 0% used [0x0000000137380000,0x0000000137380000,0x000000013b580000)
  from space 10752K, 22% used [0x000000013c000000,0x000000013c257c78,0x000000013ca80000)
  to   space 10752K, 0% used [0x000000013b580000,0x000000013b580000,0x000000013c000000)
 ParOldGen       total 109568K, used 90031K [0x000000010c900000, 0x0000000113400000, 0x0000000137380000)
  object space 109568K, 82% used [0x000000010c900000,0x00000001120ebff0,0x0000000113400000)
 PSPermGen       total 21504K, used 10442K [0x0000000107700000, 0x0000000108c00000, 0x000000010c900000)
  object space 21504K, 48% used [0x0000000107700000,0x0000000108132ae8,0x0000000108c00000)
}
Event: 20.814 GC heap before
{Heap before GC invocations=7 (full 0):
 PSYoungGen      total 78336K, used 69458K [0x0000000137380000, 0x000000013ca80000, 0x000000014c900000)
  eden space 67584K, 99% used [0x0000000137380000,0x000000013b4fccc0,0x000000013b580000)
  from space 10752K, 22% used [0x000000013c000000,0x000000013c257c78,0x000000013ca80000)
  to   space 10752K, 0% used [0x000000013b580000,0x000000013b580000,0x000000013c000000)
 ParOldGen       total 109568K, used 90031K [0x000000010c900000, 0x0000000113400000, 0x0000000137380000)
  object space 109568K, 82% used [0x000000010c900000,0x00000001120ebff0,0x0000000113400000)
 PSPermGen       total 21504K, used 10454K [0x0000000107700000, 0x0000000108c00000, 0x000000010c900000)
  object space 21504K, 48% used [0x0000000107700000,0x0000000108135840,0x0000000108c00000)
Event: 20.823 GC heap after
Heap after GC invocations=7 (full 0):
 PSYoungGen      total 78336K, used 485K [0x0000000137380000, 0x0000000140c80000, 0x000000014c900000)
  eden space 67584K, 0% used [0x0000000137380000,0x0000000137380000,0x000000013b580000)
  from space 10752K, 4% used [0x000000013b580000,0x000000013b5f95d0,0x000000013c000000)
  to   space 10752K, 0% used [0x0000000140200000,0x0000000140200000,0x0000000140c80000)
 ParOldGen       total 109568K, used 91980K [0x000000010c900000, 0x0000000113400000, 0x0000000137380000)
  object space 109568K, 83% used [0x000000010c900000,0x00000001122d3190,0x0000000113400000)
 PSPermGen       total 21504K, used 10454K [0x0000000107700000, 0x0000000108c00000, 0x000000010c900000)
  object space 21504K, 48% used [0x0000000107700000,0x0000000108135840,0x0000000108c00000)
}
Event: 27.052 GC heap before
{Heap before GC invocations=8 (full 0):
 PSYoungGen      total 78336K, used 66578K [0x0000000137380000, 0x0000000140c80000, 0x000000014c900000)
  eden space 67584K, 97% used [0x0000000137380000,0x000000013b40b2d0,0x000000013b580000)
  from space 10752K, 4% used [0x000000013b580000,0x000000013b5f95d0,0x000000013c000000)
  to   space 10752K, 0% used [0x0000000140200000,0x0000000140200000,0x0000000140c80000)
 ParOldGen       total 109568K, used 91980K [0x000000010c900000, 0x0000000113400000, 0x0000000137380000)
  object space 109568K, 83% used [0x000000010c900000,0x00000001122d3190,0x0000000113400000)
 PSPermGen       total 21504K, used 10456K [0x0000000107700000, 0x0000000108c00000, 0x000000010c900000)
  object space 21504K, 48% used [0x0000000107700000,0x0000000108136318,0x0000000108c00000)
Event: 27.054 GC heap after
Heap after GC invocations=8 (full 0):
 PSYoungGen      total 144896K, used 511K [0x0000000137380000, 0x0000000140b80000, 0x000000014c900000)
  eden space 135168K, 0% used [0x0000000137380000,0x0000000137380000,0x000000013f780000)
  from space 9728K, 5% used [0x0000000140200000,0x000000014027fc68,0x0000000140b80000)
  to   space 10240K, 0% used [0x000000013f780000,0x000000013f780000,0x0000000140180000)
 ParOldGen       total 109568K, used 91996K [0x000000010c900000, 0x0000000113400000, 0x0000000137380000)
  object space 109568K, 83% used [0x000000010c900000,0x00000001122d7190,0x0000000113400000)
 PSPermGen       total 21504K, used 10456K [0x0000000107700000, 0x0000000108c00000, 0x000000010c900000)
  object space 21504K, 48% used [0x0000000107700000,0x0000000108136318,0x0000000108c00000)
}

